Info: Nothing to build for projecteuler
21:38:33 **** Incremental Build of configuration Debug for project projecteuler ****
Info: Internal Builder is used for build
gcc -O0 -g3 -Wall -c -fmessage-length=0 -o projecteuler.o "..\\projecteuler.c" 
gcc -o projecteuler.exe projecteuler.o 
c:/mingw/bin/../lib/gcc/mingw32/6.3.0/../../../../mingw32/bin/ld.exe: cannot open output file projecteuler.exe: Permission denied
collect2.exe: error: ld returned 1 exit status
21:38:38 **** Incremental Build of configuration Debug for project projecteuler ****
Info: Internal Builder is used for build
gcc -o projecteuler.exe projecteuler.o 
c:/mingw/bin/../lib/gcc/mingw32/6.3.0/../../../../mingw32/bin/ld.exe: cannot open output file projecteuler.exe: Permission denied
collect2.exe: error: ld returned 1 exit status
21:38:51 **** Incremental Build of configuration Debug for project projecteuler ****
Info: Internal Builder is used for build
gcc -o projecteuler.exe projecteuler.o 
21:40:04 **** Incremental Build of configuration Debug for project projecteuler ****
Info: Internal Builder is used for build
gcc -O0 -g3 -Wall -c -fmessage-length=0 -o projecteuler.o "..\\projecteuler.c" 
..\projecteuler.c: In function 'main':
..\projecteuler.c:335:12: warning: format '%lu' expects argument of type 'long unsigned int', but argument 2 has type 'long long unsigned int' [-Wformat=]
  printf("%lu",highest);
            ^
gcc -o projecteuler.exe projecteuler.o 
21:40:14 **** Incremental Build of configuration Debug for project projecteuler ****
Info: Internal Builder is used for build
gcc -O0 -g3 -Wall -c -fmessage-length=0 -o projecteuler.o "..\\projecteuler.c" 
..\projecteuler.c: In function 'main':
..\projecteuler.c:335:12: warning: unknown conversion type character 'l' in format [-Wformat=]
  printf("%llu",highest);
            ^
..\projecteuler.c:335:9: warning: too many arguments for format [-Wformat-extra-args]
  printf("%llu",highest);
         ^~~~~~
gcc -o projecteuler.exe projecteuler.o 
